Error: ENOENT: no such file or directory, open 'C:\Users\JHL\Desktop\project\node+express+koa2 - 博客系统\blog-2_Express Web Server\dist\logs\access.log'
Error: ENOENT: no such file or directory, open 'C:\Users\JHL\Desktop\project\node+express+koa2 - 博客系统\blog-2_Express Web Server\dist\logs\access.log'
Error: ENOENT: no such file or directory, open 'C:\Users\JHL\Desktop\project\node+express+koa2 - 博客系统\blog-2_Express Web Server\dist\logs\access.log'
Error: ENOENT: no such file or directory, open 'C:\Users\JHL\Desktop\project\node+express+koa2 - 博客系统\blog-2_Express Web Server\dist\logs\access.log'
Error: ENOENT: no such file or directory, open 'C:\Users\JHL\Desktop\project\node+express+koa2 - 博客系统\blog-2_Express Web Server\dist\logs\access.log'
Error: ENOENT: no such file or directory, open 'C:\Users\JHL\Desktop\project\node+express+koa2 - 博客系统\blog-2_Express Web Server\dist\logs\access.log'
Error: ENOENT: no such file or directory, open 'C:\Users\JHL\Desktop\project\node+express+koa2 - 博客系统\blog-2_Express Web Server\dist\logs\access.log'
Error: ENOENT: no such file or directory, open 'C:\Users\JHL\Desktop\project\node+express+koa2 - 博客系统\blog-2_Express Web Server\dist\logs\access.log'
Error: ENOENT: no such file or directory, open 'C:\Users\JHL\Desktop\project\node+express+koa2 - 博客系统\blog-2_Express Web Server\dist\logs\access.log'
Error: ENOENT: no such file or directory, open 'C:\Users\JHL\Desktop\project\node+express+koa2 - 博客系统\blog-2_Express Web Server\dist\logs\access.log'
Error: ENOENT: no such file or directory, open 'C:\Users\JHL\Desktop\project\node+express+koa2 - 博客系统\blog-2_Express Web Server\dist\logs\access.log'
Error: ENOENT: no such file or directory, open 'C:\Users\JHL\Desktop\project\node+express+koa2 - 博客系统\blog-2_Express Web Server\dist\logs\access.log'
Error: ENOENT: no such file or directory, open 'C:\Users\JHL\Desktop\project\node+express+koa2 - 博客系统\blog-2_Express Web Server\dist\logs\access.log'
Error: ENOENT: no such file or directory, open 'C:\Users\JHL\Desktop\project\node+express+koa2 - 博客系统\blog-2_Express Web Server\dist\logs\access.log'
Error: ENOENT: no such file or directory, open 'C:\Users\JHL\Desktop\project\node+express+koa2 - 博客系统\blog-2_Express Web Server\dist\logs\access.log'
Error: ENOENT: no such file or directory, open 'C:\Users\JHL\Desktop\project\node+express+koa2 - 博客系统\blog-2_Express Web Server\dist\logs\access.log'
Error: ENOENT: no such file or directory, open 'C:\Users\JHL\Desktop\project\node+express+koa2 - 博客系统\blog-2_Express Web Server\dist\logs\access.log'
Error: ENOENT: no such file or directory, open 'C:\Users\JHL\Desktop\project\node+express+koa2 - 博客系统\blog-2_Express Web Server\dist\logs\access.log'
2021-10-09 09:08:18: Error: No default engine was specified and no extension was provided.
    at new View (C:\Users\JHL\Desktop\project\node+express+koa2 - 博客系统\blog-2_Express Web Server\node_modules\express\lib\view.js:61:11)
    at Function.render (C:\Users\JHL\Desktop\project\node+express+koa2 - 博客系统\blog-2_Express Web Server\node_modules\express\lib\application.js:570:12)
    at ServerResponse.render (C:\Users\JHL\Desktop\project\node+express+koa2 - 博客系统\blog-2_Express Web Server\node_modules\express\lib\response.js:1008:7)
    at C:\Users\JHL\Desktop\project\node+express+koa2 - 博客系统\blog-2_Express Web Server\dist\app.js:76:9
    at Layer.handle_error (C:\Users\JHL\Desktop\project\node+express+koa2 - 博客系统\blog-2_Express Web Server\node_modules\express\lib\router\layer.js:71:5)
    at trim_prefix (C:\Users\JHL\Desktop\project\node+express+koa2 - 博客系统\blog-2_Express Web Server\node_modules\express\lib\router\index.js:315:13)
    at C:\Users\JHL\Desktop\project\node+express+koa2 - 博客系统\blog-2_Express Web Server\node_modules\express\lib\router\index.js:284:7
    at Function.process_params (C:\Users\JHL\Desktop\project\node+express+koa2 - 博客系统\blog-2_Express Web Server\node_modules\express\lib\router\index.js:335:12)
    at next (C:\Users\JHL\Desktop\project\node+express+koa2 - 博客系统\blog-2_Express Web Server\node_modules\express\lib\router\index.js:275:10)
    at C:\Users\JHL\Desktop\project\node+express+koa2 - 博客系统\blog-2_Express Web Server\dist\app.js:67:5
2021-10-09 09:08:24: Error: No default engine was specified and no extension was provided.
    at new View (C:\Users\JHL\Desktop\project\node+express+koa2 - 博客系统\blog-2_Express Web Server\node_modules\express\lib\view.js:61:11)
    at Function.render (C:\Users\JHL\Desktop\project\node+express+koa2 - 博客系统\blog-2_Express Web Server\node_modules\express\lib\application.js:570:12)
    at ServerResponse.render (C:\Users\JHL\Desktop\project\node+express+koa2 - 博客系统\blog-2_Express Web Server\node_modules\express\lib\response.js:1008:7)
    at C:\Users\JHL\Desktop\project\node+express+koa2 - 博客系统\blog-2_Express Web Server\dist\app.js:76:9
    at Layer.handle_error (C:\Users\JHL\Desktop\project\node+express+koa2 - 博客系统\blog-2_Express Web Server\node_modules\express\lib\router\layer.js:71:5)
    at trim_prefix (C:\Users\JHL\Desktop\project\node+express+koa2 - 博客系统\blog-2_Express Web Server\node_modules\express\lib\router\index.js:315:13)
    at C:\Users\JHL\Desktop\project\node+express+koa2 - 博客系统\blog-2_Express Web Server\node_modules\express\lib\router\index.js:284:7
    at Function.process_params (C:\Users\JHL\Desktop\project\node+express+koa2 - 博客系统\blog-2_Express Web Server\node_modules\express\lib\router\index.js:335:12)
    at next (C:\Users\JHL\Desktop\project\node+express+koa2 - 博客系统\blog-2_Express Web Server\node_modules\express\lib\router\index.js:275:10)
    at C:\Users\JHL\Desktop\project\node+express+koa2 - 博客系统\blog-2_Express Web Server\dist\app.js:67:5
